# configure exec: ./configure --prefix=/mnt/d/TKFullStack/TechX/TechX_business/node_modules/node-rdkafka/build/deps --libdir=/mnt/d/TKFullStack/TechX/TechX_business/node_modules/node-rdkafka/build/deps --prefix=/mnt/d/TKFullStack/TechX/TechX_business/node_modules/node-rdkafka/build/deps --libdir=/mnt/d/TKFullStack/TechX/TechX_business/node_modules/node-rdkafka/build/deps
# On Mon Feb 18 00:17:30 DST 2019
DBG: ccenv: WITH_CC:  --version failed: mklove/modules/configure.base: line 1183: --version: command not found
DBG: Check ccenv (WITH_CC, action cont (originally cont)) failed: command ' --version' failed:
mklove/modules/configure.base: line 1183: --version: command not found
DBG: cxxenv: WITH_CXX:  --version failed: mklove/modules/configure.base: line 1183: --version: command not found
DBG: Check cxxenv (WITH_CXX, action cont (originally cont)) failed: command ' --version' failed:
mklove/modules/configure.base: line 1183: --version: command not found
DBG: pkgconfig: WITH_PKGCONFIG: pkg-config --version failed: mklove/modules/configure.base: line 1183: pkg-config: command not found
DBG: Check pkgconfig (WITH_PKGCONFIG, action cont (originally cont)) failed: command 'pkg-config --version' failed:
mklove/modules/configure.base: line 1183: pkg-config: command not found
DBG: Compile check PIC (HAVE_PIC): gcc  -g -O2 -Wall -Werror _mkltmplgVVHY.c -o _mkltmplgVVHY.c.o  -L/mnt/d/TKFullStack/TechX/TechX_business/node_modules/node-rdkafka/build/deps -fPIC
DBG: Compile check gnulib (WITH_GNULD): gcc  -g -O2 -fPIC -Wall -Werror _mkltmpXDim7Z.c -o _mkltmpXDim7Z.c.o  -L/mnt/d/TKFullStack/TechX/TechX_business/node_modules/node-rdkafka/build/deps -shared -Wl,-soname,mkltest.0
DBG: Compile check ldsflagvs (): gcc  -g -O2 -fPIC -Wall -Werror _mkltmph8nLbW.c -o _mkltmph8nLbW.c.o  -L/mnt/d/TKFullStack/TechX/TechX_business/node_modules/node-rdkafka/build/deps -shared -Wl,--version-script=_mkltmpVcvh6J
DBG: Compile check __atomic_32 (HAVE_ATOMICS_32): gcc  -g -O2 -fPIC -Wall -Werror _mkltmpGUec3Q.c -o _mkltmpGUec3Q.c.o  -L/mnt/d/TKFullStack/TechX/TechX_business/node_modules/node-rdkafka/build/deps 
DBG: Compile check __atomic_64 (HAVE_ATOMICS_64): gcc  -g -O2 -fPIC -Wall -Werror _mkltmpb3h8Yd.c -o _mkltmpb3h8Yd.c.o  -L/mnt/d/TKFullStack/TechX/TechX_business/node_modules/node-rdkafka/build/deps 
DBG: Compile check socket (): gcc  -g -O2 -fPIC -Wall -Wsign-compare -Wfloat-equal -Wpointer-arith -Wcast-align -Wall -Werror _mkltmprbEo9J.c -o _mkltmprbEo9J.c.o  -L/mnt/d/TKFullStack/TechX/TechX_business/node_modules/node-rdkafka/build/deps 
DBG: Compile check librt (): gcc  -g -O2 -fPIC -Wall -Wsign-compare -Wfloat-equal -Wpointer-arith -Wcast-align -Wall -Werror _mkltmpxmu53s.c -o _mkltmpxmu53s.c.o  -L/mnt/d/TKFullStack/TechX/TechX_business/node_modules/node-rdkafka/build/deps -lrt
DBG: Compile check libpthread (): gcc  -g -O2 -fPIC -Wall -Wsign-compare -Wfloat-equal -Wpointer-arith -Wcast-align -Wall -Werror _mkltmp3Gm1Sx.c -o _mkltmp3Gm1Sx.c.o  -L/mnt/d/TKFullStack/TechX/TechX_business/node_modules/node-rdkafka/build/deps -lpthread
DBG: Compile check libdl (WITH_LIBDL): gcc  -g -O2 -fPIC -Wall -Wsign-compare -Wfloat-equal -Wpointer-arith -Wcast-align -Wall -Werror _mkltmpT79iGr.c -o _mkltmpT79iGr.c.o  -L/mnt/d/TKFullStack/TechX/TechX_business/node_modules/node-rdkafka/build/deps -ldl
DBG: Compile check zlib (WITH_ZLIB): gcc  -g -O2 -fPIC -Wall -Wsign-compare -Wfloat-equal -Wpointer-arith -Wcast-align -Wall -Werror _mkltmporwF4A.c -o _mkltmporwF4A.c.o  -L/mnt/d/TKFullStack/TechX/TechX_business/node_modules/node-rdkafka/build/deps -lz
DBG: compile check for zlib (WITH_ZLIB) failed: gcc  -g -O2 -fPIC -Wall -Wsign-compare -Wfloat-equal -Wpointer-arith -Wcast-align -Wall -Werror _mkltmporwF4A.c -o _mkltmporwF4A.c.o  -L/mnt/d/TKFullStack/TechX/TechX_business/node_modules/node-rdkafka/build/deps -lz: _mkltmporwF4A.c:1:18: fatal error: zlib.h: No such file or directory
compilation terminated.
DBG: Check zlib (WITH_ZLIB, action disable (originally disable)) failed: compile check failed:
CC: CC
flags: -lz
gcc  -g -O2 -fPIC -Wall -Wsign-compare -Wfloat-equal -Wpointer-arith -Wcast-align -Wall -Werror _mkltmporwF4A.c -o _mkltmporwF4A.c.o  -L/mnt/d/TKFullStack/TechX/TechX_business/node_modules/node-rdkafka/build/deps -lz:
_mkltmporwF4A.c:1:18: fatal error: zlib.h: No such file or directory
compilation terminated.
source: #include <zlib.h>
DBG: Compile check libcrypto (): gcc  -g -O2 -fPIC -Wall -Wsign-compare -Wfloat-equal -Wpointer-arith -Wcast-align -Wall -Werror _mkltmpifkQw1.c -o _mkltmpifkQw1.c.o  -L/mnt/d/TKFullStack/TechX/TechX_business/node_modules/node-rdkafka/build/deps -lcrypto
DBG: compile check for libcrypto () failed: gcc  -g -O2 -fPIC -Wall -Wsign-compare -Wfloat-equal -Wpointer-arith -Wcast-align -Wall -Werror _mkltmpifkQw1.c -o _mkltmpifkQw1.c.o  -L/mnt/d/TKFullStack/TechX/TechX_business/node_modules/node-rdkafka/build/deps -lcrypto: /usr/bin/ld: cannot find -lcrypto
collect2: error: ld returned 1 exit status
DBG: Check libcrypto (, action disable (originally disable)) failed: compile check failed:
CC: CC
flags: -lcrypto
gcc  -g -O2 -fPIC -Wall -Wsign-compare -Wfloat-equal -Wpointer-arith -Wcast-align -Wall -Werror _mkltmpifkQw1.c -o _mkltmpifkQw1.c.o  -L/mnt/d/TKFullStack/TechX/TechX_business/node_modules/node-rdkafka/build/deps -lcrypto:
/usr/bin/ld: cannot find -lcrypto
collect2: error: ld returned 1 exit status
source: 
DBG: Compile check libm (): gcc  -g -O2 -fPIC -Wall -Wsign-compare -Wfloat-equal -Wpointer-arith -Wcast-align -Wall -Werror _mkltmpZcX3ZL.c -o _mkltmpZcX3ZL.c.o  -L/mnt/d/TKFullStack/TechX/TechX_business/node_modules/node-rdkafka/build/deps -lm
DBG: Compile check liblz4 (WITH_LZ4_EXT): gcc  -g -O2 -fPIC -Wall -Wsign-compare -Wfloat-equal -Wpointer-arith -Wcast-align -Wall -Werror _mkltmpnCwz0G.c -o _mkltmpnCwz0G.c.o  -L/mnt/d/TKFullStack/TechX/TechX_business/node_modules/node-rdkafka/build/deps -llz4
DBG: compile check for liblz4 (WITH_LZ4_EXT) failed: gcc  -g -O2 -fPIC -Wall -Wsign-compare -Wfloat-equal -Wpointer-arith -Wcast-align -Wall -Werror _mkltmpnCwz0G.c -o _mkltmpnCwz0G.c.o  -L/mnt/d/TKFullStack/TechX/TechX_business/node_modules/node-rdkafka/build/deps -llz4: _mkltmpnCwz0G.c:1:22: fatal error: lz4frame.h: No such file or directory
compilation terminated.
DBG: Check liblz4 (WITH_LZ4_EXT, action disable (originally disable)) failed: compile check failed:
CC: CC
flags: -llz4
gcc  -g -O2 -fPIC -Wall -Wsign-compare -Wfloat-equal -Wpointer-arith -Wcast-align -Wall -Werror _mkltmpnCwz0G.c -o _mkltmpnCwz0G.c.o  -L/mnt/d/TKFullStack/TechX/TechX_business/node_modules/node-rdkafka/build/deps -llz4:
_mkltmpnCwz0G.c:1:22: fatal error: lz4frame.h: No such file or directory
compilation terminated.
source: #include <lz4frame.h>
DBG: Compile check rapidjson (WITH_RAPIDJSON): g++  -g -O2 -fPIC -Wall -Wsign-compare -Wfloat-equal -Wpointer-arith -Wcast-align -Wall -Werror _mkltmpHKpLXY.cpp -o _mkltmpHKpLXY.cpp.o  -L/mnt/d/TKFullStack/TechX/TechX_business/node_modules/node-rdkafka/build/deps 
DBG: compile check for rapidjson (WITH_RAPIDJSON) failed: g++  -g -O2 -fPIC -Wall -Wsign-compare -Wfloat-equal -Wpointer-arith -Wcast-align -Wall -Werror _mkltmpHKpLXY.cpp -o _mkltmpHKpLXY.cpp.o  -L/mnt/d/TKFullStack/TechX/TechX_business/node_modules/node-rdkafka/build/deps : _mkltmpHKpLXY.cpp:1:30: fatal error: rapidjson/schema.h: No such file or directory
compilation terminated.
DBG: Check rapidjson (WITH_RAPIDJSON, action disable (originally disable)) failed: compile check failed:
CC: CXX
flags: 
g++  -g -O2 -fPIC -Wall -Wsign-compare -Wfloat-equal -Wpointer-arith -Wcast-align -Wall -Werror _mkltmpHKpLXY.cpp -o _mkltmpHKpLXY.cpp.o  -L/mnt/d/TKFullStack/TechX/TechX_business/node_modules/node-rdkafka/build/deps :
_mkltmpHKpLXY.cpp:1:30: fatal error: rapidjson/schema.h: No such file or directory
compilation terminated.
source: #include <rapidjson/schema.h>
DBG: Compile check libssl (WITH_SSL): gcc  -g -O2 -fPIC -Wall -Wsign-compare -Wfloat-equal -Wpointer-arith -Wcast-align -Wall -Werror _mkltmp6kLhax.c -o _mkltmp6kLhax.c.o  -L/mnt/d/TKFullStack/TechX/TechX_business/node_modules/node-rdkafka/build/deps -lssl
DBG: compile check for libssl (WITH_SSL) failed: gcc  -g -O2 -fPIC -Wall -Wsign-compare -Wfloat-equal -Wpointer-arith -Wcast-align -Wall -Werror _mkltmp6kLhax.c -o _mkltmp6kLhax.c.o  -L/mnt/d/TKFullStack/TechX/TechX_business/node_modules/node-rdkafka/build/deps -lssl: _mkltmp6kLhax.c:1:25: fatal error: openssl/ssl.h: No such file or directory
compilation terminated.
DBG: Check libssl (WITH_SSL, action disable (originally disable)) failed: compile check failed:
CC: CC
flags: -lssl
gcc  -g -O2 -fPIC -Wall -Wsign-compare -Wfloat-equal -Wpointer-arith -Wcast-align -Wall -Werror _mkltmp6kLhax.c -o _mkltmp6kLhax.c.o  -L/mnt/d/TKFullStack/TechX/TechX_business/node_modules/node-rdkafka/build/deps -lssl:
_mkltmp6kLhax.c:1:25: fatal error: openssl/ssl.h: No such file or directory
compilation terminated.
source: #include <openssl/ssl.h>
DBG: Compile check libsasl2 (WITH_SASL_CYRUS): gcc  -g -O2 -fPIC -Wall -Wsign-compare -Wfloat-equal -Wpointer-arith -Wcast-align -Wall -Werror _mkltmpwFSqY0.c -o _mkltmpwFSqY0.c.o  -L/mnt/d/TKFullStack/TechX/TechX_business/node_modules/node-rdkafka/build/deps -lsasl2
DBG: compile check for libsasl2 (WITH_SASL_CYRUS) failed: gcc  -g -O2 -fPIC -Wall -Wsign-compare -Wfloat-equal -Wpointer-arith -Wcast-align -Wall -Werror _mkltmpwFSqY0.c -o _mkltmpwFSqY0.c.o  -L/mnt/d/TKFullStack/TechX/TechX_business/node_modules/node-rdkafka/build/deps -lsasl2: _mkltmpwFSqY0.c:1:23: fatal error: sasl/sasl.h: No such file or directory
compilation terminated.
DBG: Check libsasl2 (WITH_SASL_CYRUS, action disable (originally disable)) failed: compile check failed:
CC: CC
flags: -lsasl2
gcc  -g -O2 -fPIC -Wall -Wsign-compare -Wfloat-equal -Wpointer-arith -Wcast-align -Wall -Werror _mkltmpwFSqY0.c -o _mkltmpwFSqY0.c.o  -L/mnt/d/TKFullStack/TechX/TechX_business/node_modules/node-rdkafka/build/deps -lsasl2:
_mkltmpwFSqY0.c:1:23: fatal error: sasl/sasl.h: No such file or directory
compilation terminated.
source: #include <sasl/sasl.h>
DBG: Compile check libsasl (WITH_SASL_CYRUS): gcc  -g -O2 -fPIC -Wall -Wsign-compare -Wfloat-equal -Wpointer-arith -Wcast-align -Wall -Werror _mkltmpOCQCFL.c -o _mkltmpOCQCFL.c.o  -L/mnt/d/TKFullStack/TechX/TechX_business/node_modules/node-rdkafka/build/deps -lsasl
DBG: compile check for libsasl (WITH_SASL_CYRUS) failed: gcc  -g -O2 -fPIC -Wall -Wsign-compare -Wfloat-equal -Wpointer-arith -Wcast-align -Wall -Werror _mkltmpOCQCFL.c -o _mkltmpOCQCFL.c.o  -L/mnt/d/TKFullStack/TechX/TechX_business/node_modules/node-rdkafka/build/deps -lsasl: _mkltmpOCQCFL.c:1:23: fatal error: sasl/sasl.h: No such file or directory
compilation terminated.
DBG: Check libsasl (WITH_SASL_CYRUS, action disable (originally disable)) failed: compile check failed:
CC: CC
flags: -lsasl
gcc  -g -O2 -fPIC -Wall -Wsign-compare -Wfloat-equal -Wpointer-arith -Wcast-align -Wall -Werror _mkltmpOCQCFL.c -o _mkltmpOCQCFL.c.o  -L/mnt/d/TKFullStack/TechX/TechX_business/node_modules/node-rdkafka/build/deps -lsasl:
_mkltmpOCQCFL.c:1:23: fatal error: sasl/sasl.h: No such file or directory
compilation terminated.
source: #include <sasl/sasl.h>
DBG: Compile check crc32chw (WITH_CRC32C_HW): gcc  -g -O2 -fPIC -Wall -Wsign-compare -Wfloat-equal -Wpointer-arith -Wcast-align -Wall -Werror _mkltmppQamjp.c -o _mkltmppQamjp.c.o  -L/mnt/d/TKFullStack/TechX/TechX_business/node_modules/node-rdkafka/build/deps 
DBG: Compile check regex (HAVE_REGEX): gcc  -g -O2 -fPIC -Wall -Wsign-compare -Wfloat-equal -Wpointer-arith -Wcast-align -Wall -Werror _mkltmpzueyuo.c -o _mkltmpzueyuo.c.o  -L/mnt/d/TKFullStack/TechX/TechX_business/node_modules/node-rdkafka/build/deps 
DBG: Compile check strndup (HAVE_STRNDUP): gcc  -g -O2 -fPIC -Wall -Wsign-compare -Wfloat-equal -Wpointer-arith -Wcast-align -Wall -Werror _mkltmpqxH18K.c -o _mkltmpqxH18K.c.o  -L/mnt/d/TKFullStack/TechX/TechX_business/node_modules/node-rdkafka/build/deps 
DBG: Compile check strerror_r (HAVE_STRERROR_R): gcc  -g -O2 -fPIC -Wall -Wsign-compare -Wfloat-equal -Wpointer-arith -Wcast-align -Wall -Werror _mkltmpqpdUkV.c -o _mkltmpqpdUkV.c.o  -L/mnt/d/TKFullStack/TechX/TechX_business/node_modules/node-rdkafka/build/deps 
DBG: Compile check pthread_setname_gnu (HAVE_PTHREAD_SETNAME_GNU): gcc  -g -O2 -fPIC -Wall -Wsign-compare -Wfloat-equal -Wpointer-arith -Wcast-align -Wall -Werror _mkltmpufAyPw.c -o _mkltmpufAyPw.c.o  -L/mnt/d/TKFullStack/TechX/TechX_business/node_modules/node-rdkafka/build/deps -D_GNU_SOURCE -lpthread
